<?xml version="1.0" encoding="UTF-8"?>
<!-- Generated by org.testng.reporters.JUnitReportReporter -->
<testsuite hostname="DLLB0415" name="qait.gitTest.AppTest" tests="1" failures="0" timestamp="21 Oct 2016 13:51:58 GMT" time="23.617" errors="0">
  <testcase name="guru99Test" time="23.617" classname="qait.gitTest.AppTest"/>
</testsuite> <!-- qait.gitTest.AppTest -->
